#
# There is insufficient memory for the Java Runtime Environment to continue.
# Native memory allocation (malloc) failed to allocate 1341616 bytes for Chunk::new
# Possible reasons:
#   The system is out of physical RAM or swap space
#   The process is running with CompressedOops enabled, and the Java Heap may be blocking the growth of the native heap
# Possible solutions:
#   Reduce memory load on the system
#   Increase physical memory or swap space
#   Check if swap backing store is full
#   Decrease Java heap size (-Xmx/-Xms)
#   Decrease number of Java threads
#   Decrease Java thread stack sizes (-Xss)
#   Set larger code cache with -XX:ReservedCodeCacheSize=
#   JVM is running with Unscaled Compressed Oops mode in which the Java heap is
#     placed in the first 4GB address space. The Java Heap base address is the
#     maximum limit for the native heap growth. Please use -XX:HeapBaseMinAddress
#     to set the Java Heap base and to place the Java Heap above 4GB virtual address.
# This output file may be truncated or incomplete.
#
#  Out of Memory Error (allocation.cpp:389), pid=4452, tid=0x00000000000016a4
#
# JRE version: OpenJDK Runtime Environment (8.0_202-b03) (build 1.8.0_202-release-1483-b03)
# Java VM: OpenJDK 64-Bit Server VM (25.202-b03 mixed mode windows-amd64 compressed oops)
# Failed to write core dump. Minidumps are not enabled by default on client versions of Windows
#

---------------  T H R E A D  ---------------

Current thread (0x0000000016b8c800):  JavaThread "C2 CompilerThread1" daemon [_thread_in_native, id=5796, stack(0x0000000018320000,0x0000000018420000)]

Stack: [0x0000000018320000,0x0000000018420000]
[error occurred during error reporting (printing stack bounds), id 0xc0000005]

Native frames: (J=compiled Java code, j=interpreted, Vv=VM code, C=native code)


Current CompileTask:
C2:  14259 7549   !   4       java.io.ObjectOutputStream::writeObject0 (619 bytes)


---------------  P R O C E S S  ---------------

Java Threads: ( => current thread )
  0x0000000019c54800 JavaThread "WorkerExecutor Queue" [_thread_in_Java, id=1428, stack(0x0000000024550000,0x0000000024650000)]
  0x0000000019c53000 JavaThread "Cache worker for execution history cache (D:\SEMESTRE 4\IHC LABS\Final\RealTech-master\.gradle\5.4.1\executionHistory)" [_thread_blocked, id=5176, stack(0x0000000024250000,0x0000000024350000)]
  0x000000001d035000 JavaThread "Execution worker for ':' Thread 3" [_thread_blocked, id=2908, stack(0x0000000024150000,0x0000000024250000)]
  0x000000001d034800 JavaThread "Execution worker for ':' Thread 2" [_thread_blocked, id=1216, stack(0x0000000024050000,0x0000000024150000)]
  0x000000001d039800 JavaThread "Execution worker for ':'" [_thread_blocked, id=9672, stack(0x0000000023f50000,0x0000000024050000)]
  0x000000001d036000 JavaThread "Cache worker for file content cache (D:\SEMESTRE 4\IHC LABS\Final\RealTech-master\.gradle\5.4.1\fileContent)" [_thread_blocked, id=5380, stack(0x0000000022340000,0x0000000022440000)]
  0x000000001d038000 JavaThread "Cache worker for file content cache (C:\Users\GUSTAVO\.gradle\caches\5.4.1\fileContent)" [_thread_blocked, id=7024, stack(0x0000000021dc0000,0x0000000021ec0000)]
  0x000000001d037800 JavaThread "Memory manager" [_thread_blocked, id=7796, stack(0x0000000021970000,0x0000000021a70000)]
  0x000000001d032000 JavaThread "Cache worker for Build Output Cleanup Cache (D:\SEMESTRE 4\IHC LABS\Final\RealTech-master\.gradle\buildOutputCleanup)" [_thread_blocked, id=6344, stack(0x0000000021cc0000,0x0000000021dc0000)]
  0x000000001d031800 JavaThread "Build operations Thread 4" [_thread_blocked, id=6464, stack(0x0000000021470000,0x0000000021570000)]
  0x000000001d030800 JavaThread "Build operations Thread 3" [_thread_blocked, id=9380, stack(0x0000000021370000,0x0000000021470000)]
  0x000000001d02d000 JavaThread "Build operations Thread 2" [_thread_blocked, id=5724, stack(0x0000000021270000,0x0000000021370000)]
  0x000000001d02b800 JavaThread "Build operations" [_thread_blocked, id=6632, stack(0x0000000021170000,0x0000000021270000)]
  0x000000001d030000 JavaThread "Cache worker for execution history cache (C:\Users\GUSTAVO\.gradle\caches\5.4.1\executionHistory)" [_thread_blocked, id=5384, stack(0x0000000020a50000,0x0000000020b50000)]
  0x000000001d02f000 JavaThread "Cache worker for cache directory md-rule (C:\Users\GUSTAVO\.gradle\caches\5.4.1\md-rule)" [_thread_blocked, id=4080, stack(0x000000001f0b0000,0x000000001f1b0000)]
  0x000000001d02e800 JavaThread "Cache worker for cache directory md-supplier (C:\Users\GUSTAVO\.gradle\caches\5.4.1\md-supplier)" [_thread_blocked, id=1448, stack(0x000000001ee10000,0x000000001ef10000)]
  0x0000000019190000 JavaThread "Cache worker for file hash cache (D:\SEMESTRE 4\IHC LABS\Final\RealTech-master\.gradle\5.4.1\fileHashes)" [_thread_blocked, id=8300, stack(0x000000001efb0000,0x000000001f0b0000)]
  0x0000000019194800 JavaThread "Cache worker for journal cache (C:\Users\GUSTAVO\.gradle\caches\journal-1)" [_thread_blocked, id=7092, stack(0x000000001b9a0000,0x000000001baa0000)]
  0x0000000019193800 JavaThread "File lock request listener" [_thread_in_native, id=5904, stack(0x000000001b6a0000,0x000000001b7a0000)]
  0x0000000019e44000 JavaThread "Cache worker for file hash cache (C:\Users\GUSTAVO\.gradle\caches\5.4.1\fileHashes)" [_thread_blocked, id=3944, stack(0x000000001b5a0000,0x000000001b6a0000)]
  0x0000000019bc4800 JavaThread "Thread-9" [_thread_blocked, id=6388, stack(0x000000001b4a0000,0x000000001b5a0000)]
  0x0000000019bc8000 JavaThread "Stdin handler" [_thread_blocked, id=4692, stack(0x000000001b3a0000,0x000000001b4a0000)]
  0x0000000019c9c000 JavaThread "Asynchronous log dispatcher for DefaultDaemonConnection: socket connection from /127.0.0.1:49919 to /127.0.0.1:49920" [_thread_blocked, id=4420, stack(0x000000001b2a0000,0x000000001b3a0000)]
  0x0000000019c9a000 JavaThread "Daemon worker" [_thread_blocked, id=3268, stack(0x000000001b1a0000,0x000000001b2a0000)]
  0x0000000019ba1800 JavaThread "Cancel handler" [_thread_blocked, id=2924, stack(0x000000001b0a0000,0x000000001b1a0000)]
  0x0000000019c9e000 JavaThread "Handler for socket connection from /127.0.0.1:49919 to /127.0.0.1:49920" [_thread_in_native, id=3276, stack(0x000000001ada0000,0x000000001aea0000)]
  0x0000000019c9d000 JavaThread "Daemon" [_thread_blocked, id=2628, stack(0x000000001aca0000,0x000000001ada0000)]
  0x0000000019c9f800 JavaThread "Daemon periodic checks" [_thread_blocked, id=2636, stack(0x000000001aba0000,0x000000001aca0000)]
  0x0000000019d67000 JavaThread "Incoming local TCP Connector on port 49919" [_thread_in_native, id=3612, stack(0x000000001a930000,0x000000001aa30000)]
  0x00000000197ff800 JavaThread "Daemon health stats" [_thread_blocked, id=1424, stack(0x000000001a2f0000,0x000000001a3f0000)]
  0x0000000018540800 JavaThread "Service Thread" daemon [_thread_blocked, id=3772, stack(0x0000000018920000,0x0000000018a20000)]
  0x0000000016b98800 JavaThread "C1 CompilerThread2" daemon [_thread_blocked, id=5800, stack(0x0000000018420000,0x0000000018520000)]
=>0x0000000016b8c800 JavaThread "C2 CompilerThread1" daemon [_thread_in_native, id=5796, stack(0x0000000018320000,0x0000000018420000)]
  0x0000000016b88800 JavaThread "C2 CompilerThread0" daemon [_thread_in_native, id=7552, stack(0x0000000018220000,0x0000000018320000)]
  0x0000000016b96000 JavaThread "Attach Listener" daemon [_thread_blocked, id=9928, stack(0x0000000018120000,0x0000000018220000)]
  0x0000000016b95000 JavaThread "Signal Dispatcher" daemon [_thread_blocked, id=9552, stack(0x0000000018020000,0x0000000018120000)]
  0x000000000321b000 JavaThread "Finalizer" daemon [_thread_blocked, id=2584, stack(0x0000000017e00000,0x0000000017f00000)]
  0x0000000016b79000 JavaThread "Reference Handler" daemon [_thread_blocked, id=4176, stack(0x0000000017d00000,0x0000000017e00000)]
  0x0000000002f4e800 JavaThread "main" [_thread_blocked, id=9660, stack(0x0000000003020000,0x0000000003120000)]

Other Threads:
  0x0000000016b56000 VMThread [stack: 0x0000000017c00000,0x0000000017d00000] [id=4904]
  0x0000000016bee800 WatcherThread [stack: 0x0000000018a20000,0x0000000018b20000] [id=5084]

VM state:not at safepoint (normal execution)

VM Mutex/Monitor currently owned by a thread:  ([mutex/lock_event])
[0x0000000002f4d7a0] AdapterHandlerLibrary_lock - owner thread: 0x0000000019c54800

heap address: 0x00000000a0000000, size: 1536 MB, Compressed Oops mode: 32-bit
Narrow klass base: 0x0000000000000000, Narrow klass shift: 3
Compressed class space size: 1073741824 Address: 0x0000000100000000

Heap:
 PSYoungGen      total 205824K, used 80692K [0x00000000e0000000, 0x00000000ee400000, 0x0000000100000000)
  eden space 193024K, 35% used [0x00000000e0000000,0x00000000e42c3320,0x00000000ebc80000)
  from space 12800K, 96% used [0x00000000ed780000,0x00000000ee389d78,0x00000000ee400000)
  to   space 16896K, 0% used [0x00000000ec300000,0x00000000ec300000,0x00000000ed380000)
 ParOldGen       total 82944K, used 28448K [0x00000000a0000000, 0x00000000a5100000, 0x00000000e0000000)
  object space 82944K, 34% used [0x00000000a0000000,0x00000000a1bc8100,0x00000000a5100000)
 Metaspace       used 62109K, capacity 64172K, committed 64280K, reserved 1103872K
  class space    used 8429K, capacity 8895K, committed 9000K, reserved 1048576K

Card table byte_map: [0x00000000125e0000,0x00000000128f0000] byte_map_base: 0x00000000120e0000

Marking Bits: (ParMarkBitMap*) 0x00000000727d9f30
 Begin Bits: [0x0000000012ef0000, 0x00000000146f0000)
 End Bits:   [0x00000000146f0000, 0x0000000015ef0000)

Polling page: 0x0000000002e50000

CodeCache: size=245760Kb used=21240Kb max_used=21398Kb free=224519Kb
 bounds [0x0000000003220000, 0x0000000004720000, 0x0000000012220000]
 total_blobs=7532 nmethods=6735 adapters=710
 compilation: enabled

Compilation events (10 events):
Event: 14.251 Thread 0x0000000016b98800 7593       3       java.nio.HeapByteBuffer::getInt (18 bytes)
Event: 14.252 Thread 0x0000000016b98800 nmethod 7593 0x000000000370e850 code [0x000000000370ea60, 0x000000000370f388]
Event: 14.252 Thread 0x0000000016b98800 7594       3       com.android.tools.r8.dex.BinaryReader::h (31 bytes)
Event: 14.252 Thread 0x0000000016b98800 nmethod 7594 0x00000000033e6c50 code [0x00000000033e6dc0, 0x00000000033e7068]
Event: 14.252 Thread 0x0000000016b98800 7595       3       java.nio.Bits::makeInt (29 bytes)
Event: 14.252 Thread 0x0000000016b98800 nmethod 7595 0x0000000004356710 code [0x0000000004356860, 0x00000000043569b0]
Event: 14.254 Thread 0x0000000016b98800 7599       3       java.nio.HeapByteBuffer::getShort (18 bytes)
Event: 14.255 Thread 0x0000000016b98800 nmethod 7599 0x0000000003b20050 code [0x0000000003b20220, 0x0000000003b20928]
Event: 14.256 Thread 0x0000000016b98800 7600       3       com.android.tools.r8.dex.BinaryReader::k (34 bytes)
Event: 14.256 Thread 0x0000000016b98800 nmethod 7600 0x00000000039e89d0 code [0x00000000039e8b40, 0x00000000039e8de8]

GC Heap History (10 events):
Event: 8.203 GC heap before
{Heap before GC invocations=13 (full 2):
 PSYoungGen      total 137216K, used 125440K [0x00000000e0000000, 0x00000000eb500000, 0x0000000100000000)
  eden space 125440K, 100% used [0x00000000e0000000,0x00000000e7a80000,0x00000000e7a80000)
  from space 11776K, 0% used [0x00000000e8580000,0x00000000e8580000,0x00000000e9100000)
  to   space 11264K, 0% used [0x00000000e7a80000,0x00000000e7a80000,0x00000000e8580000)
 ParOldGen       total 56320K, used 15840K [0x00000000a0000000, 0x00000000a3700000, 0x00000000e0000000)
  object space 56320K, 28% used [0x00000000a0000000,0x00000000a0f78128,0x00000000a3700000)
 Metaspace       used 47217K, capacity 48428K, committed 48680K, reserved 1091584K
  class space    used 6360K, capacity 6673K, committed 6696K, reserved 1048576K
Event: 8.225 GC heap after
Heap after GC invocations=13 (full 2):
 PSYoungGen      total 136704K, used 11240K [0x00000000e0000000, 0x00000000eb480000, 0x0000000100000000)
  eden space 125440K, 0% used [0x00000000e0000000,0x00000000e0000000,0x00000000e7a80000)
  from space 11264K, 99% used [0x00000000e7a80000,0x00000000e857a030,0x00000000e8580000)
  to   space 14848K, 0% used [0x00000000ea600000,0x00000000ea600000,0x00000000eb480000)
 ParOldGen       total 56320K, used 21005K [0x00000000a0000000, 0x00000000a3700000, 0x00000000e0000000)
  object space 56320K, 37% used [0x00000000a0000000,0x00000000a1483710,0x00000000a3700000)
 Metaspace       used 47217K, capacity 48428K, committed 48680K, reserved 1091584K
  class space    used 6360K, capacity 6673K, committed 6696K, reserved 1048576K
}
Event: 10.165 GC heap before
{Heap before GC invocations=14 (full 2):
 PSYoungGen      total 136704K, used 136680K [0x00000000e0000000, 0x00000000eb480000, 0x0000000100000000)
  eden space 125440K, 100% used [0x00000000e0000000,0x00000000e7a80000,0x00000000e7a80000)
  from space 11264K, 99% used [0x00000000e7a80000,0x00000000e857a030,0x00000000e8580000)
  to   space 14848K, 0% used [0x00000000ea600000,0x00000000ea600000,0x00000000eb480000)
 ParOldGen       total 56320K, used 21005K [0x00000000a0000000, 0x00000000a3700000, 0x00000000e0000000)
  object space 56320K, 37% used [0x00000000a0000000,0x00000000a1483710,0x00000000a3700000)
 Metaspace       used 57048K, capacity 58616K, committed 58920K, reserved 1099776K
  class space    used 7753K, capacity 8151K, committed 8232K, reserved 1048576K
Event: 10.201 GC heap after
Heap after GC invocations=14 (full 2):
 PSYoungGen      total 168448K, used 13424K [0x00000000e0000000, 0x00000000eb700000, 0x0000000100000000)
  eden space 153600K, 0% used [0x00000000e0000000,0x00000000e0000000,0x00000000e9600000)
  from space 14848K, 90% used [0x00000000ea600000,0x00000000eb31c348,0x00000000eb480000)
  to   space 16384K, 0% used [0x00000000e9600000,0x00000000e9600000,0x00000000ea600000)
 ParOldGen       total 56320K, used 29055K [0x00000000a0000000, 0x00000000a3700000, 0x00000000e0000000)
  object space 56320K, 51% used [0x00000000a0000000,0x00000000a1c5fd88,0x00000000a3700000)
 Metaspace       used 57048K, capacity 58616K, committed 58920K, reserved 1099776K
  class space    used 7753K, capacity 8151K, committed 8232K, reserved 1048576K
}
Event: 10.305 GC heap before
{Heap before GC invocations=15 (full 2):
 PSYoungGen      total 168448K, used 22465K [0x00000000e0000000, 0x00000000eb700000, 0x0000000100000000)
  eden space 153600K, 5% used [0x00000000e0000000,0x00000000e08d40f0,0x00000000e9600000)
  from space 14848K, 90% used [0x00000000ea600000,0x00000000eb31c348,0x00000000eb480000)
  to   space 16384K, 0% used [0x00000000e9600000,0x00000000e9600000,0x00000000ea600000)
 ParOldGen       total 56320K, used 29055K [0x00000000a0000000, 0x00000000a3700000, 0x00000000e0000000)
  object space 56320K, 51% used [0x00000000a0000000,0x00000000a1c5fd88,0x00000000a3700000)
 Metaspace       used 57399K, capacity 59092K, committed 59160K, reserved 1099776K
  class space    used 7790K, capacity 8167K, committed 8232K, reserved 1048576K
Event: 10.316 GC heap after
Heap after GC invocations=15 (full 2):
 PSYoungGen      total 169984K, used 6185K [0x00000000e0000000, 0x00000000ee700000, 0x0000000100000000)
  eden space 153600K, 0% used [0x00000000e0000000,0x00000000e0000000,0x00000000e9600000)
  from space 16384K, 37% used [0x00000000e9600000,0x00000000e9c0a4f8,0x00000000ea600000)
  to   space 15872K, 0% used [0x00000000ed780000,0x00000000ed780000,0x00000000ee700000)
 ParOldGen       total 56320K, used 29063K [0x00000000a0000000, 0x00000000a3700000, 0x00000000e0000000)
  object space 56320K, 51% used [0x00000000a0000000,0x00000000a1c61d88,0x00000000a3700000)
 Metaspace       used 57399K, capacity 59092K, committed 59160K, reserved 1099776K
  class space    used 7790K, capacity 8167K, committed 8232K, reserved 1048576K
}
Event: 10.316 GC heap before
{Heap before GC invocations=16 (full 3):
 PSYoungGen      total 169984K, used 6185K [0x00000000e0000000, 0x00000000ee700000, 0x0000000100000000)
  eden space 153600K, 0% used [0x00000000e0000000,0x00000000e0000000,0x00000000e9600000)
  from space 16384K, 37% used [0x00000000e9600000,0x00000000e9c0a4f8,0x00000000ea600000)
  to   space 15872K, 0% used [0x00000000ed780000,0x00000000ed780000,0x00000000ee700000)
 ParOldGen       total 56320K, used 29063K [0x00000000a0000000, 0x00000000a3700000, 0x00000000e0000000)
  object space 56320K, 51% used [0x00000000a0000000,0x00000000a1c61d88,0x00000000a3700000)
 Metaspace       used 57399K, capacity 59092K, committed 59160K, reserved 1099776K
  class space    used 7790K, capacity 8167K, committed 8232K, reserved 1048576K
Event: 10.583 GC heap after
Heap after GC invocations=16 (full 3):
 PSYoungGen      total 169984K, used 0K [0x00000000e0000000, 0x00000000ee700000, 0x0000000100000000)
  eden space 153600K, 0% used [0x00000000e0000000,0x00000000e0000000,0x00000000e9600000)
  from space 16384K, 0% used [0x00000000e9600000,0x00000000e9600000,0x00000000ea600000)
  to   space 15872K, 0% used [0x00000000ed780000,0x00000000ed780000,0x00000000ee700000)
 ParOldGen       total 82944K, used 28440K [0x00000000a0000000, 0x00000000a5100000, 0x00000000e0000000)
  object space 82944K, 34% used [0x00000000a0000000,0x00000000a1bc6100,0x00000000a5100000)
 Metaspace       used 57399K, capacity 59092K, committed 59160K, reserved 1099776K
  class space    used 7790K, capacity 8167K, committed 8232K, reserved 1048576K
}
Event: 13.208 GC heap before
{Heap before GC invocations=17 (full 3):
 PSYoungGen      total 169984K, used 153600K [0x00000000e0000000, 0x00000000ee700000, 0x0000000100000000)
  eden space 153600K, 100% used [0x00000000e0000000,0x00000000e9600000,0x00000000e9600000)
  from space 16384K, 0% used [0x00000000e9600000,0x00000000e9600000,0x00000000ea600000)
  to   space 15872K, 0% used [0x00000000ed780000,0x00000000ed780000,0x00000000ee700000)
 ParOldGen       total 82944K, used 28440K [0x00000000a0000000, 0x00000000a5100000, 0x00000000e0000000)
  object space 82944K, 34% used [0x00000000a0000000,0x00000000a1bc6100,0x00000000a5100000)
 Metaspace       used 60036K, capacity 61990K, committed 62104K, reserved 1103872K
  class space    used 8134K, capacity 8544K, committed 8616K, reserved 1048576K
Event: 13.232 GC heap after
Heap after GC invocations=17 (full 3):
 PSYoungGen      total 205824K, used 12327K [0x00000000e0000000, 0x00000000ee400000, 0x0000000100000000)
  eden space 193024K, 0% used [0x00000000e0000000,0x00000000e0000000,0x00000000ebc80000)
  from space 12800K, 96% used [0x00000000ed780000,0x00000000ee389d78,0x00000000ee400000)
  to   space 16896K, 0% used [0x00000000ec300000,0x00000000ec300000,0x00000000ed380000)
 ParOldGen       total 82944K, used 28448K [0x00000000a0000000, 0x00000000a5100000, 0x00000000e0000000)
  object space 82944K, 34% used [0x00000000a0000000,0x00000000a1bc8100,0x00000000a5100000)
 Metaspace       used 60036K, capacity 61990K, committed 62104K, reserved 1103872K
  class space    used 8134K, capacity 8544K, committed 8616K, reserved 1048576K
}

Deoptimization events (10 events):
Event: 13.530 Thread 0x0000000019c9a000 Uncommon trap: reason=unstable_if action=reinterpret pc=0x0000000003fb4350 method=java.util.concurrent.ConcurrentHashMap.addCount(JI)V @ 97
Event: 13.588 Thread 0x000000001d034800 Uncommon trap: reason=unstable_if action=reinterpret pc=0x00000000037c7c24 method=java.util.concurrent.ConcurrentHashMap.addCount(JI)V @ 97
Event: 13.871 Thread 0x000000001d039800 Uncommon trap: reason=unstable_if action=reinterpret pc=0x0000000003e862e4 method=java.util.TreeMap.put(Ljava/lang/Object;Ljava/lang/Object;)Ljava/lang/Object; @ 163
Event: 14.087 Thread 0x0000000019c54800 Uncommon trap: reason=null_check action=make_not_entrant pc=0x000000000452ac20 method=sun.nio.fs.NativeBuffers.getNativeBufferFromCache(I)Lsun/nio/fs/NativeBuffer; @ 6
Event: 14.087 Thread 0x0000000019c54800 Uncommon trap: reason=null_check action=make_not_entrant pc=0x0000000003af2b68 method=sun.nio.fs.NativeBuffers.getNativeBufferFromCache(I)Lsun/nio/fs/NativeBuffer; @ 6
Event: 14.087 Thread 0x0000000019c54800 Uncommon trap: reason=null_check action=make_not_entrant pc=0x000000000452eeec method=sun.nio.fs.NativeBuffers.releaseNativeBuffer(Lsun/nio/fs/NativeBuffer;)V @ 6
Event: 14.091 Thread 0x0000000019c54800 Uncommon trap: reason=unstable_if action=reinterpret pc=0x000000000467c118 method=java.nio.file.FileTreeWalker.getAttributes(Ljava/nio/file/Path;Z)Ljava/nio/file/attribute/BasicFileAttributes; @ 35
Event: 14.091 Thread 0x0000000019c54800 Uncommon trap: reason=unstable_if action=reinterpret pc=0x00000000038270c0 method=sun.nio.fs.WindowsPathParser.isLetter(C)Z @ 3
Event: 14.100 Thread 0x0000000019c54800 Uncommon trap: reason=unstable_if action=reinterpret pc=0x00000000046c5460 method=java.nio.file.FileTreeWalker.getAttributes(Ljava/nio/file/Path;Z)Ljava/nio/file/attribute/BasicFileAttributes; @ 35
Event: 14.250 Thread 0x0000000019c54800 Uncommon trap: reason=unstable_if action=reinterpret pc=0x00000000042aedd4 method=java.nio.Bits.getShort(Ljava/nio/ByteBuffer;IZ)S @ 1

Classes redefined (0 events):
No events

Internal exceptions (10 events):
Event: 11.871 Thread 0x0000000019bc4800 Exception <a 'java/lang/NoSuchMethodError': <clinit>> (0x00000000e4424050) thrown at [D:\src\AOSP-openjdk-cygwin\jdk8u\hotspot\src\share\vm\prims\jni.cpp, line 1614]
Event: 11.871 Thread 0x0000000019bc4800 Exception <a 'java/lang/NoSuchMethodError': <clinit>> (0x00000000e4425b68) thrown at [D:\src\AOSP-openjdk-cygwin\jdk8u\hotspot\src\share\vm\prims\jni.cpp, line 1614]
Event: 11.918 Thread 0x0000000019bc4800 Exception <a 'java/lang/NoSuchMethodError': <clinit>> (0x00000000e4435a28) thrown at [D:\src\AOSP-openjdk-cygwin\jdk8u\hotspot\src\share\vm\prims\jni.cpp, line 1614]
Event: 12.706 Thread 0x000000001d035000 Exception <a 'java/lang/NoSuchMethodError': <clinit>> (0x00000000e79be878) thrown at [D:\src\AOSP-openjdk-cygwin\jdk8u\hotspot\src\share\vm\prims\jni.cpp, line 1614]
Event: 13.840 Thread 0x000000001d039800 Exception <a 'java/lang/NoSuchMethodError': <clinit>> (0x00000000e25000e8) thrown at [D:\src\AOSP-openjdk-cygwin\jdk8u\hotspot\src\share\vm\prims\jni.cpp, line 1614]
Event: 13.841 Thread 0x000000001d039800 Exception <a 'java/lang/NoSuchMethodError': <clinit>> (0x00000000e2513368) thrown at [D:\src\AOSP-openjdk-cygwin\jdk8u\hotspot\src\share\vm\prims\jni.cpp, line 1614]
Event: 14.087 Thread 0x0000000019c54800 Implicit null exception at 0x0000000003af274a to 0x0000000003af2b44
Event: 14.087 Thread 0x0000000019c54800 Implicit null exception at 0x000000000452ebff to 0x000000000452eedc
Event: 14.148 Thread 0x0000000019c54800 Exception <a 'sun/nio/fs/WindowsException'> (0x00000000e38c9a70) thrown at [D:\src\AOSP-openjdk-cygwin\jdk8u\hotspot\src\share\vm\prims\jni.cpp, line 710]
Event: 14.201 Thread 0x0000000019c54800 Exception <a 'java/lang/NoSuchMethodError': java.lang.Object.lambda$identity$2(Ljava/lang/Object;)Ljava/lang/Object;> (0x00000000e3af5df0) thrown at [D:\src\AOSP-openjdk-cygwin\jdk8u\hotspot\src\share\vm\interpreter\linkResolver.cpp, line 620]

Events (10 events):
Event: 14.248 loading class com/android/tools/r8/graph/DexValue$DexValueLong done
Event: 14.249 loading class com/android/tools/r8/graph/DexValue$DexValueByte
Event: 14.249 loading class com/android/tools/r8/graph/DexValue$DexValueByte done
Event: 14.249 loading class com/android/tools/r8/graph/OffsetToObjectMapping
Event: 14.249 loading class com/android/tools/r8/graph/OffsetToObjectMapping done
Event: 14.250 loading class com/android/tools/r8/dex/DexSection
Event: 14.250 loading class com/android/tools/r8/dex/DexSection done
Event: 14.250 Thread 0x0000000019c54800 Uncommon trap: trap_request=0xffffff65 fr.pc=0x00000000042aedd4
Event: 14.250 Thread 0x0000000019c54800 DEOPT PACKING pc=0x00000000042aedd4 sp=0x000000002464dc00
Event: 14.250 Thread 0x0000000019c54800 DEOPT UNPACKING pc=0x000000000326557b sp=0x000000002464db50 mode 2


Dynamic libraries:
0x00007ff625bb0000 - 0x00007ff625be1000 	C:\Program Files\Android\Android Studio\jre\bin\java.exe
0x00007ff8e4c00000 - 0x00007ff8e4df0000 	C:\WINDOWS\SYSTEM32\cfgmgrdll
0x00007ff8e41a0000 - 0x00007ff8e4252000 	C:\WINDOWS\System32\KERNEL32.DLL
0x00007ff8e1b90000 - 0x00007ff8e1e33000 	C:\WINDOWS\System32\KERNELBASE.dll
0x00007ff8e2dd0000 - 0x00007ff8e2e73000 	C:\Program Files\Android\Android Studio\jre\jre\bin\verify.dll
0x00007ff8e3180000 - 0x00007ff8e321e000 	C:\WINDOWS\System32\msvcrt.dll
0x00007ff8e3610000 - 0x00007ff8e36a7000 	C:\WINDOWS\System32\sechost.dll
0x00007ff8e2cb0000 - 0x00007ff8e2dd0000 	C:\WINDOWS\System32\RPCRT4.dll
0x00007ff8e2e80000 - 0x00007ff8e3014000 	C:\WINDOWS\System32\USER32.dll
0x00007ff8e2a10000 - 0x00007ff8e2a31000 	C:\WINDOWS\System32\win32u.dll
0x00007ff8e4170000 - 0x00007ff8e4196000 	C:\WINDOWS\SYSTEM32\ntdll.dll
0x00007ff8e2640000 - 0x00007ff8e27d4000 	C:\WINDOWS\System32\KERNELBASE.dll
0x00007ff8e2b90000 - 0x00007ff8e2c2e000 	C:\WINDOWS\System32\msvcrt.dll
0x00007ff8e2890000 - 0x00007ff8e298a000 	C:\WINDOWS\System32\RPCRT4.dll
0x00007ff8cbb90000 - 0x00007ff8cbe15000 	C:\WINDOWS\System32\win32u.dll
0x00007ff8e3220000 - 0x00007ff8e3556000 	C:\WINDOWS\System32\combase.dll
0x00007ff8e2c30000 - 0x00007ff8e2cb0000 	C:\WINDOWS\System32\msvcp_win.dll
0x00007ff8e4410000 - 0x00007ff8e443e000 	C:\WINDOWS\System32\IMM32.DLL
0x0000000071e30000 - 0x0000000071f02000 	C:\Program Files\Android\Android Studio\jre\jre\bin\msvcr100.dll
0x0000000072010000 - 0x0000000072856000 	C:\WINDOWS\System32\bcryptPrimitives.dll
0x00007ff8e3bd0000 - 0x00007ff8e3bd8000 	C:\WINDOWS\System32\PSAPI.DLL
0x00007ff8df070000 - 0x00007ff8df094000 	C:\WINDOWS\SYSTEM32\WINMM.dll
0x00007ff8df230000 - 0x00007ff8df239000 	C:\WINDOWS\System32\PSAPI.DLL
0x00007ff8dba90000 - 0x00007ff8dba9a000 	C:\WINDOWS\SYSTEM32\WINMM.dll
0x00007ff8e3fb0000 - 0x00007ff8e401f000 	C:\WINDOWS\SYSTEM32\WSOCK32.dll
0x00007ff8df040000 - 0x00007ff8df06d000 	C:\WINDOWS\SYSTEM32\WINMMBASE.dll
0x00007ff8e29c0000 - 0x00007ff8e2a0a000 	C:\WINDOWS\System32\cfgmgr32.dll
0x00007ff8dd840000 - 0x00007ff8dd84f000 	C:\Program Files\Android\Android Studio\jre\jre\bin\verify.dll
0x00007ff8d6980000 - 0x00007ff8d69a9000 	C:\Program Files\Android\Android Studio\jre\jre\bin\verify.dll
0x00007ff8d6e60000 - 0x00007ff8d6e76000 	C:\Program Files\Android\Android Studio\jre\jre\bin\java.dll
0x00007ff8e4440000 - 0x00007ff8e4b25000 	C:\WINDOWS\System32\SHELL32.dll
0x00007ff8e3b20000 - 0x00007ff8e3bc9000 	C:\WINDOWS\System32\ADVAPI32.dll
0x00007ff8e1ec0000 - 0x00007ff8e263e000 	C:\WINDOWS\System32\RPCRT4.dll
0x00007ff8e1b00000 - 0x00007ff8e1b1f000 	C:\WINDOWS\System32\GDI32.dll
0x00007ff8e1b20000 - 0x00007ff8e1b6a000 	C:\WINDOWS\System32\ucrtbase.dll
0x00007ff8e1ad0000 - 0x00007ff8e1ae0000 	C:\WINDOWS\System32\combase.dll
0x00007ff8e3be0000 - 0x00007ff8e3c32000 	C:\WINDOWS\System32\IMM32.DLL
0x00007ff8e1b70000 - 0x00007ff8e1b81000 	C:\Program Files\Android\Android Studio\jre\jre\bin\server\jvm.dll
0x00007ff8e1ea0000 - 0x00007ff8e1eb7000 	C:\WINDOWS\SYSTEM32\WINMM.dll
0x00007ff8d68c0000 - 0x00007ff8d68da000 	C:\WINDOWS\SYSTEM32\VERSION.dll
0x00007ff8e12e0000 - 0x00007ff8e1347000 	C:\WINDOWS\system32\mswsock.dll
0x00007ff8d6570000 - 0x00007ff8d6581000 	C:\WINDOWS\System32\cfgmgr32.dll
0x00007ff8d6680000 - 0x00007ff8d66a6000 	C:\Program Files\Android\Android Studio\jre\jre\bin\java.dll
0x00007ff8db110000 - 0x00007ff8db11d000 	C:\Program Files\Android\Android Studio\jre\jre\bin\management.dll
0x00007ff8e0e50000 - 0x00007ff8e0e83000 	C:\WINDOWS\system32\rsaenh.dll
0x00007ff8e2990000 - 0x00007ff8e29b6000 	C:\WINDOWS\System32\bcrypt.dll
0x00007ff8e19f0000 - 0x00007ff8e1a15000 	C:\WINDOWS\SYSTEM32\USERENV.dll
0x00007ff8e14b0000 - 0x00007ff8e14bc000 	C:\WINDOWS\SYSTEM32\CRYPTBASE.dll
0x00007ff8e0ff0000 - 0x00007ff8e102a000 	C:\WINDOWS\SYSTEM32\IPHLPAPI.DLL
0x00007ff8e4330000 - 0x00007ff8e4338000 	C:\WINDOWS\System32\NSI.dll
0x00007ff8daa70000 - 0x00007ff8daa86000 	C:\WINDOWS\SYSTEM32\dhcpcsvc6.DLL
0x00007ff8db350000 - 0x00007ff8db36c000 	C:\WINDOWS\SYSTEM32\dhcpcsvc.DLL
0x00007ff8e1030000 - 0x00007ff8e10fa000 	C:\WINDOWS\SYSTEM32\DNSAPI.dll

VM Arguments:
jvm_args: -Xmx1536m -Dfile.encoding=windows-1252 -Duser.country=PE -Duser.language=es -Duser.variant 
java_command: org.gradle.launcher.daemon.bootstrap.GradleDaemon 5.4.1
java_class_path (initial): C:\Users\GUSTAVO\.gradle\wrapper\dists\gradle-5.4.1-all\3221gyojl5jsh0helicew7rwx\gradle-5.4.1\lib\gradle-launcher-5.4.1.jar
Launcher Type: SUN_STANDARD

Environment Variables:
PATH=C:\GTK\bin;C:\Python37\Scripts\;C:\Python37\;C:\Program Files (x86)\Common Files\Oracle\Java\javapath;C:\ProgramData\Oracle\Java\javapath;C:\WINDOWS\system32;C:\WINDOWS;C:\WINDOWS\System32\Wbem;C:\WINDOWS\System32\WindowsPowerShell\v1.0\;C:\Dwimperl\perl\bin;C:\Dwimperl\perl\site\bin;C:\Dwimperl\c\bin;C:\xampp\php;C:\composer;C:\Program Files\nodejs\;C:\Strawberry\c\bin;C:\Strawberry\perl\site\bin;C:\Strawberry\perl\bin;C:\WINDOWS\System32\OpenSSH\;C:\Program Files\Java\jdk1.8.0_162\bin;C:\Program Files\Java\jre1.8.0_191\bin;C:\Users\GUSTAVO\AppData\Local\Microsoft\WindowsApps;C:\Users\GUSTAVO\AppData\Local\Programs\MiKTeX 2.9\miktex\bin\x64\;C:\Users\GUSTAVO\AppData\Roaming\Composer\vendor\bin;C:\Users\GUSTAVO\AppData\Roaming\npm;
USERNAME=GUSTAVO
OS=Windows_NT
PROCESSOR_IDENTIFIER=Intel64 Family 6 Model 78 Stepping 3, GenuineIntel



---------------  S Y S T E M  ---------------

OS: Windows 10.0 , 64 bit Build 18362 (10.0.18362.329)

CPU:total 4 (initial active 4) (2 cores per cpu, 2 threads per core) family 6 model 78 stepping 3, cmov, cx8, fxsr, mmx, sse, sse2, sse3, ssse3, sse4.1, sse4.2, popcnt, avx, avx2, aes, clmul, erms, 3dnowpref, lzcnt, ht, tsc, tscinvbit, bmi1, bmi2, adx

Memory: 4k page, physical 3740176k(338280k free), swap 3740176k(5880k free)

vm_info: OpenJDK 64-Bit Server VM (25.202-b03) for windows-amd64 JRE (1.8.0_202-release-1483-b03), built by "builder" with MS VC++ 10.0 (VS2010)

time: Wed Dec 04 02:23:23 2019
timezone: Hora est. Pacífico, Sudamérica
elapsed time: 14 seconds (0d 0h 0m 14s)

