#
# There is insufficient memory for the Java Runtime Environment to continue.
# Native memory allocation (malloc) failed to allocate 626496 bytes for Chunk::new
# Possible reasons:
#   The system is out of physical RAM or swap space
#   The process is running with CompressedOops enabled, and the Java Heap may be blocking the growth of the native heap
# Possible solutions:
#   Reduce memory load on the system
#   Increase physical memory or swap space
#   Check if swap backing store is full
#   Decrease Java heap size (-Xmx/-Xms)
#   Decrease number of Java threads
#   Decrease Java thread stack sizes (-Xss)
#   Set larger code cache with -XX:ReservedCodeCacheSize=
#   JVM is running with Unscaled Compressed Oops mode in which the Java heap is
#     placed in the first 4GB address space. The Java Heap base address is the
#     maximum limit for the native heap growth. Please use -XX:HeapBaseMinAddress
#     to set the Java Heap base and to place the Java Heap above 4GB virtual address.
# This output file may be truncated or incomplete.
#
#  Out of Memory Error (allocation.cpp:389), pid=10188, tid=0x0000000000001a58
#
# JRE version: OpenJDK Runtime Environment (8.0_202-b03) (build 1.8.0_202-release-1483-b03)
# Java VM: OpenJDK 64-Bit Server VM (25.202-b03 mixed mode windows-amd64 compressed oops)
# Failed to write core dump. Minidumps are not enabled by default on client versions of Windows
#

---------------  T H R E A D  ---------------

Current thread (0x0000000016679000):  JavaThread "C2 CompilerThread0" daemon [_thread_in_native, id=6744, stack(0x0000000017d00000,0x0000000017e00000)]

Stack: [0x0000000017d00000,0x0000000017e00000]
[error occurred during error reporting (printing stack bounds), id 0xc0000005]

Native frames: (J=compiled Java code, j=interpreted, Vv=VM code, C=native code)


Current CompileTask:
C2:  56570 3789   !   4       java.util.jar.Attributes::read (380 bytes)


---------------  P R O C E S S  ---------------

Java Threads: ( => current thread )
  0x000000001d385800 JavaThread "Cache worker for Build Output Cleanup Cache (D:\SEMESTRE 4\IHC LABS\Nueva carpeta (2)\RealTech-master\.gradle\buildOutputCleanup)" [_thread_blocked, id=8832, stack(0x0000000021630000,0x0000000021730000)]
  0x000000001d385000 JavaThread "Build operations Thread 4" [_thread_blocked, id=9648, stack(0x0000000020f30000,0x0000000021030000)]
  0x000000001d37f000 JavaThread "Build operations Thread 3" [_thread_blocked, id=9756, stack(0x0000000020e30000,0x0000000020f30000)]
  0x000000001d381000 JavaThread "Build operations Thread 2" [_thread_blocked, id=9760, stack(0x0000000020d30000,0x0000000020e30000)]
  0x000000001d37a800 JavaThread "Build operations" [_thread_blocked, id=9728, stack(0x0000000020c30000,0x0000000020d30000)]
  0x000000001d37c000 JavaThread "Cache worker for execution history cache (C:\Users\GUSTAVO\.gradle\caches\5.4.1\executionHistory)" [_thread_blocked, id=6688, stack(0x0000000020930000,0x0000000020a30000)]
  0x000000001d37e000 JavaThread "Cache worker for cache directory md-rule (C:\Users\GUSTAVO\.gradle\caches\5.4.1\md-rule)" [_thread_blocked, id=9456, stack(0x0000000020630000,0x0000000020730000)]
  0x000000001d37b000 JavaThread "Cache worker for cache directory md-supplier (C:\Users\GUSTAVO\.gradle\caches\5.4.1\md-supplier)" [_thread_blocked, id=5664, stack(0x000000001ecf0000,0x000000001edf0000)]
  0x0000000018264000 JavaThread "Cache worker for file hash cache (D:\SEMESTRE 4\IHC LABS\Nueva carpeta (2)\RealTech-master\.gradle\5.4.1\fileHashes)" [_thread_blocked, id=7696, stack(0x000000001e7f0000,0x000000001e8f0000)]
  0x0000000018268000 JavaThread "File lock release action executor" [_thread_blocked, id=9412, stack(0x000000001e4f0000,0x000000001e5f0000)]
  0x0000000018267000 JavaThread "Cache worker for journal cache (C:\Users\GUSTAVO\.gradle\caches\journal-1)" [_thread_blocked, id=6608, stack(0x000000001b280000,0x000000001b380000)]
  0x0000000018266800 JavaThread "File lock request listener" [_thread_in_native, id=8364, stack(0x000000001b180000,0x000000001b280000)]
  0x0000000018265800 JavaThread "Cache worker for file hash cache (C:\Users\GUSTAVO\.gradle\caches\5.4.1\fileHashes)" [_thread_blocked, id=7256, stack(0x000000001b080000,0x000000001b180000)]
  0x00000000181ae000 JavaThread "Thread-9" [_thread_blocked, id=9336, stack(0x000000001af80000,0x000000001b080000)]
  0x00000000189a2000 JavaThread "Stdin handler" [_thread_blocked, id=2408, stack(0x000000001ae80000,0x000000001af80000)]
  0x0000000018367000 JavaThread "Asynchronous log dispatcher for DefaultDaemonConnection: socket connection from /127.0.0.1:49759 to /127.0.0.1:49761" [_thread_blocked, id=9052, stack(0x000000001ad80000,0x000000001ae80000)]
  0x0000000018366000 JavaThread "Daemon worker" [_thread_in_native, id=3612, stack(0x000000001ac80000,0x000000001ad80000)]
  0x0000000018365000 JavaThread "Cancel handler" [_thread_blocked, id=3572, stack(0x000000001ab80000,0x000000001ac80000)]
  0x0000000018984800 JavaThread "Handler for socket connection from /127.0.0.1:49759 to /127.0.0.1:49761" [_thread_in_native, id=9304, stack(0x000000001a880000,0x000000001a980000)]
  0x0000000018c56800 JavaThread "Daemon" [_thread_blocked, id=9308, stack(0x000000001a780000,0x000000001a880000)]
  0x0000000019968800 JavaThread "Daemon periodic checks" [_thread_blocked, id=8524, stack(0x000000001a680000,0x000000001a780000)]
  0x0000000019567800 JavaThread "Incoming local TCP Connector on port 49759" [_thread_in_native, id=2416, stack(0x000000001a410000,0x000000001a510000)]
  0x0000000019459000 JavaThread "Daemon health stats" [_thread_blocked, id=5968, stack(0x0000000019dd0000,0x0000000019ed0000)]
  0x00000000166de800 JavaThread "Service Thread" daemon [_thread_blocked, id=6408, stack(0x0000000018400000,0x0000000018500000)]
  0x0000000016692800 JavaThread "C1 CompilerThread2" daemon [_thread_blocked, id=9232, stack(0x0000000017f00000,0x0000000018000000)]
  0x000000001667e800 JavaThread "C2 CompilerThread1" daemon [_thread_blocked, id=8988, stack(0x0000000017e00000,0x0000000017f00000)]
=>0x0000000016679000 JavaThread "C2 CompilerThread0" daemon [_thread_in_native, id=6744, stack(0x0000000017d00000,0x0000000017e00000)]
  0x0000000016687000 JavaThread "Attach Listener" daemon [_thread_blocked, id=2656, stack(0x0000000017c00000,0x0000000017d00000)]
  0x0000000016686000 JavaThread "Signal Dispatcher" daemon [_thread_blocked, id=8008, stack(0x0000000017b00000,0x0000000017c00000)]
  0x0000000002c0b000 JavaThread "Finalizer" daemon [_thread_blocked, id=8060, stack(0x00000000178e0000,0x00000000179e0000)]
  0x0000000016669000 JavaThread "Reference Handler" daemon [_thread_blocked, id=8320, stack(0x00000000177e0000,0x00000000178e0000)]
  0x0000000002c4e800 JavaThread "main" [_thread_blocked, id=7724, stack(0x0000000001260000,0x0000000001360000)]

Other Threads:
  0x0000000016646000 VMThread [stack: 0x00000000176e0000,0x00000000177e0000] [id=6520]
  0x0000000018030800 WatcherThread [stack: 0x0000000018500000,0x0000000018600000] [id=2488]

VM state:not at safepoint (normal execution)

VM Mutex/Monitor currently owned by a thread: None

heap address: 0x00000000a0000000, size: 1536 MB, Compressed Oops mode: 32-bit
Narrow klass base: 0x0000000000000000, Narrow klass shift: 3
Compressed class space size: 1073741824 Address: 0x0000000100000000

Heap:
 PSYoungGen      total 128000K, used 55711K [0x00000000e0000000, 0x00000000ea300000, 0x0000000100000000)
  eden space 117248K, 47% used [0x00000000e0000000,0x00000000e3667e70,0x00000000e7280000)
  from space 10752K, 0% used [0x00000000e7280000,0x00000000e7280000,0x00000000e7d00000)
  to   space 11264K, 0% used [0x00000000e9800000,0x00000000e9800000,0x00000000ea300000)
 ParOldGen       total 59392K, used 15897K [0x00000000a0000000, 0x00000000a3a00000, 0x00000000e0000000)
  object space 59392K, 26% used [0x00000000a0000000,0x00000000a0f865f8,0x00000000a3a00000)
 Metaspace       used 42264K, capacity 43176K, committed 43352K, reserved 1087488K
  class space    used 5702K, capacity 5942K, committed 5976K, reserved 1048576K

Card table byte_map: [0x00000000120d0000,0x00000000123e0000] byte_map_base: 0x0000000011bd0000

Marking Bits: (ParMarkBitMap*) 0x00000000727d9f30
 Begin Bits: [0x00000000129e0000, 0x00000000141e0000)
 End Bits:   [0x00000000141e0000, 0x00000000159e0000)

Polling page: 0x00000000009f0000

CodeCache: size=245760Kb used=11752Kb max_used=11763Kb free=234007Kb
 bounds [0x0000000002d10000, 0x00000000038a0000, 0x0000000011d10000]
 total_blobs=4245 nmethods=3503 adapters=655
 compilation: enabled

Compilation events (10 events):
Event: 55.930 Thread 0x0000000016692800 nmethod 3787 0x0000000003887490 code [0x0000000003887620, 0x00000000038879a8]
Event: 55.930 Thread 0x000000001667e800 3788       4       java.util.jar.Manifest$FastInputStream::readLine (9 bytes)
Event: 55.930 Thread 0x0000000016679000 3789   !   4       java.util.jar.Attributes::read (380 bytes)
Event: 55.936 Thread 0x0000000016692800 3791       1       sun.util.calendar.CalendarDate::getDayOfMonth (5 bytes)
Event: 55.936 Thread 0x0000000016692800 nmethod 3791 0x00000000038805d0 code [0x0000000003880720, 0x0000000003880830]
Event: 55.936 Thread 0x0000000016692800 3792       3       sun.security.util.DerInputStream::<init> (19 bytes)
Event: 55.936 Thread 0x0000000016692800 nmethod 3792 0x0000000003887b50 code [0x0000000003887cc0, 0x0000000003887f70]
Event: 55.940 Thread 0x000000001667e800 nmethod 3788 0x000000000388b110 code [0x000000000388b260, 0x000000000388b698]
Event: 55.940 Thread 0x000000001667e800 3790       4       java.lang.String::checkBounds (46 bytes)
Event: 55.941 Thread 0x000000001667e800 nmethod 3790 0x0000000003880310 code [0x0000000003880440, 0x00000000038804f8]

GC Heap History (10 events):
Event: 21.694 GC heap before
{Heap before GC invocations=7 (full 1):
 PSYoungGen      total 65024K, used 5128K [0x00000000e0000000, 0x00000000e8680000, 0x0000000100000000)
  eden space 59392K, 0% used [0x00000000e0000000,0x00000000e0000000,0x00000000e3a00000)
  from space 5632K, 91% used [0x00000000e8100000,0x00000000e8602068,0x00000000e8680000)
  to   space 8704K, 0% used [0x00000000e7580000,0x00000000e7580000,0x00000000e7e00000)
 ParOldGen       total 39936K, used 14067K [0x00000000a0000000, 0x00000000a2700000, 0x00000000e0000000)
  object space 39936K, 35% used [0x00000000a0000000,0x00000000a0dbcf78,0x00000000a2700000)
 Metaspace       used 20737K, capacity 21120K, committed 21248K, reserved 1067008K
  class space    used 2925K, capacity 3066K, committed 3072K, reserved 1048576K
Event: 21.871 GC heap after
Heap after GC invocations=7 (full 1):
 PSYoungGen      total 65024K, used 0K [0x00000000e0000000, 0x00000000e8680000, 0x0000000100000000)
  eden space 59392K, 0% used [0x00000000e0000000,0x00000000e0000000,0x00000000e3a00000)
  from space 5632K, 0% used [0x00000000e8100000,0x00000000e8100000,0x00000000e8680000)
  to   space 8704K, 0% used [0x00000000e7580000,0x00000000e7580000,0x00000000e7e00000)
 ParOldGen       total 46080K, used 15779K [0x00000000a0000000, 0x00000000a2d00000, 0x00000000e0000000)
  object space 46080K, 34% used [0x00000000a0000000,0x00000000a0f68c70,0x00000000a2d00000)
 Metaspace       used 20737K, capacity 21120K, committed 21248K, reserved 1067008K
  class space    used 2925K, capacity 3066K, committed 3072K, reserved 1048576K
}
Event: 31.728 GC heap before
{Heap before GC invocations=8 (full 1):
 PSYoungGen      total 65024K, used 59392K [0x00000000e0000000, 0x00000000e8680000, 0x0000000100000000)
  eden space 59392K, 100% used [0x00000000e0000000,0x00000000e3a00000,0x00000000e3a00000)
  from space 5632K, 0% used [0x00000000e8100000,0x00000000e8100000,0x00000000e8680000)
  to   space 8704K, 0% used [0x00000000e7580000,0x00000000e7580000,0x00000000e7e00000)
 ParOldGen       total 46080K, used 15779K [0x00000000a0000000, 0x00000000a2d00000, 0x00000000e0000000)
  object space 46080K, 34% used [0x00000000a0000000,0x00000000a0f68c70,0x00000000a2d00000)
 Metaspace       used 28377K, capacity 28878K, committed 29440K, reserved 1075200K
  class space    used 3806K, capacity 3978K, committed 4096K, reserved 1048576K
Event: 31.743 GC heap after
Heap after GC invocations=8 (full 1):
 PSYoungGen      total 94208K, used 7306K [0x00000000e0000000, 0x00000000e8180000, 0x0000000100000000)
  eden space 86528K, 0% used [0x00000000e0000000,0x00000000e0000000,0x00000000e5480000)
  from space 7680K, 95% used [0x00000000e7580000,0x00000000e7ca2880,0x00000000e7d00000)
  to   space 4608K, 0% used [0x00000000e7d00000,0x00000000e7d00000,0x00000000e8180000)
 ParOldGen       total 46080K, used 15787K [0x00000000a0000000, 0x00000000a2d00000, 0x00000000e0000000)
  object space 46080K, 34% used [0x00000000a0000000,0x00000000a0f6ac70,0x00000000a2d00000)
 Metaspace       used 28377K, capacity 28878K, committed 29440K, reserved 1075200K
  class space    used 3806K, capacity 3978K, committed 4096K, reserved 1048576K
}
Event: 38.839 GC heap before
{Heap before GC invocations=9 (full 1):
 PSYoungGen      total 94208K, used 93834K [0x00000000e0000000, 0x00000000e8180000, 0x0000000100000000)
  eden space 86528K, 100% used [0x00000000e0000000,0x00000000e5480000,0x00000000e5480000)
  from space 7680K, 95% used [0x00000000e7580000,0x00000000e7ca2880,0x00000000e7d00000)
  to   space 4608K, 0% used [0x00000000e7d00000,0x00000000e7d00000,0x00000000e8180000)
 ParOldGen       total 46080K, used 15787K [0x00000000a0000000, 0x00000000a2d00000, 0x00000000e0000000)
  object space 46080K, 34% used [0x00000000a0000000,0x00000000a0f6ac70,0x00000000a2d00000)
 Metaspace       used 33055K, capacity 33604K, committed 34048K, reserved 1079296K
  class space    used 4552K, capacity 4739K, committed 4864K, reserved 1048576K
Event: 38.856 GC heap after
Heap after GC invocations=9 (full 1):
 PSYoungGen      total 121856K, used 4592K [0x00000000e0000000, 0x00000000e8c80000, 0x0000000100000000)
  eden space 117248K, 0% used [0x00000000e0000000,0x00000000e0000000,0x00000000e7280000)
  from space 4608K, 99% used [0x00000000e7d00000,0x00000000e817c010,0x00000000e8180000)
  to   space 10752K, 0% used [0x00000000e7280000,0x00000000e7280000,0x00000000e7d00000)
 ParOldGen       total 46080K, used 21087K [0x00000000a0000000, 0x00000000a2d00000, 0x00000000e0000000)
  object space 46080K, 45% used [0x00000000a0000000,0x00000000a1497c70,0x00000000a2d00000)
 Metaspace       used 33055K, capacity 33604K, committed 34048K, reserved 1079296K
  class space    used 4552K, capacity 4739K, committed 4864K, reserved 1048576K
}
Event: 47.853 GC heap before
{Heap before GC invocations=10 (full 1):
 PSYoungGen      total 121856K, used 46776K [0x00000000e0000000, 0x00000000e8c80000, 0x0000000100000000)
  eden space 117248K, 35% used [0x00000000e0000000,0x00000000e2932170,0x00000000e7280000)
  from space 4608K, 99% used [0x00000000e7d00000,0x00000000e817c010,0x00000000e8180000)
  to   space 10752K, 0% used [0x00000000e7280000,0x00000000e7280000,0x00000000e7d00000)
 ParOldGen       total 46080K, used 21087K [0x00000000a0000000, 0x00000000a2d00000, 0x00000000e0000000)
  object space 46080K, 45% used [0x00000000a0000000,0x00000000a1497c70,0x00000000a2d00000)
 Metaspace       used 34605K, capacity 35266K, committed 35416K, reserved 1079296K
  class space    used 4755K, capacity 4940K, committed 4952K, reserved 1048576K
Event: 47.881 GC heap after
Heap after GC invocations=10 (full 1):
 PSYoungGen      total 128000K, used 8407K [0x00000000e0000000, 0x00000000ea300000, 0x0000000100000000)
  eden space 117248K, 0% used [0x00000000e0000000,0x00000000e0000000,0x00000000e7280000)
  from space 10752K, 78% used [0x00000000e7280000,0x00000000e7ab5fd0,0x00000000e7d00000)
  to   space 11264K, 0% used [0x00000000e9800000,0x00000000e9800000,0x00000000ea300000)
 ParOldGen       total 46080K, used 21095K [0x00000000a0000000, 0x00000000a2d00000, 0x00000000e0000000)
  object space 46080K, 45% used [0x00000000a0000000,0x00000000a1499c70,0x00000000a2d00000)
 Metaspace       used 34605K, capacity 35266K, committed 35416K, reserved 1079296K
  class space    used 4755K, capacity 4940K, committed 4952K, reserved 1048576K
}
Event: 47.881 GC heap before
{Heap before GC invocations=11 (full 2):
 PSYoungGen      total 128000K, used 8407K [0x00000000e0000000, 0x00000000ea300000, 0x0000000100000000)
  eden space 117248K, 0% used [0x00000000e0000000,0x00000000e0000000,0x00000000e7280000)
  from space 10752K, 78% used [0x00000000e7280000,0x00000000e7ab5fd0,0x00000000e7d00000)
  to   space 11264K, 0% used [0x00000000e9800000,0x00000000e9800000,0x00000000ea300000)
 ParOldGen       total 46080K, used 21095K [0x00000000a0000000, 0x00000000a2d00000, 0x00000000e0000000)
  object space 46080K, 45% used [0x00000000a0000000,0x00000000a1499c70,0x00000000a2d00000)
 Metaspace       used 34605K, capacity 35266K, committed 35416K, reserved 1079296K
  class space    used 4755K, capacity 4940K, committed 4952K, reserved 1048576K
Event: 47.985 GC heap after
Heap after GC invocations=11 (full 2):
 PSYoungGen      total 128000K, used 0K [0x00000000e0000000, 0x00000000ea300000, 0x0000000100000000)
  eden space 117248K, 0% used [0x00000000e0000000,0x00000000e0000000,0x00000000e7280000)
  from space 10752K, 0% used [0x00000000e7280000,0x00000000e7280000,0x00000000e7d00000)
  to   space 11264K, 0% used [0x00000000e9800000,0x00000000e9800000,0x00000000ea300000)
 ParOldGen       total 59392K, used 15897K [0x00000000a0000000, 0x00000000a3a00000, 0x00000000e0000000)
  object space 59392K, 26% used [0x00000000a0000000,0x00000000a0f865f8,0x00000000a3a00000)
 Metaspace       used 34601K, capacity 35254K, committed 35416K, reserved 1079296K
  class space    used 4754K, capacity 4938K, committed 4952K, reserved 1048576K
}

Deoptimization events (10 events):
Event: 50.100 Thread 0x0000000018366000 Uncommon trap: reason=unstable_if action=reinterpret pc=0x00000000031e01a4 method=java.lang.Integer.valueOf(I)Ljava/lang/Integer; @ 3
Event: 50.210 Thread 0x0000000018366000 Uncommon trap: reason=predicate action=maybe_recompile pc=0x00000000035dfe88 method=java.util.Arrays.binarySearch0([Ljava/lang/Object;IILjava/lang/Object;Ljava/util/Comparator;)I @ 28
Event: 50.210 Thread 0x0000000018366000 Uncommon trap: reason=predicate action=maybe_recompile pc=0x00000000037b3150 method=java.util.Arrays.binarySearch0([Ljava/lang/Object;IILjava/lang/Object;Ljava/util/Comparator;)I @ 28
Event: 50.613 Thread 0x0000000018366000 Uncommon trap: reason=unstable_if action=reinterpret pc=0x000000000371121c method=java.security.CodeSource.hashCode()I @ 4
Event: 50.613 Thread 0x0000000018366000 Uncommon trap: reason=unstable_if action=reinterpret pc=0x00000000036093cc method=java.security.CodeSource.hashCode()I @ 4
Event: 50.788 Thread 0x0000000018366000 Uncommon trap: reason=unstable_if action=reinterpret pc=0x0000000003804ca0 method=jdk.internal.org.objectweb.asm.Type.getArgumentsAndReturnSizes(Ljava/lang/String;)I @ 88
Event: 55.465 Thread 0x0000000018366000 Uncommon trap: reason=unstable_if action=reinterpret pc=0x00000000033cd674 method=java.util.jar.JarFile.maybeInstantiateVerifier()V @ 75
Event: 55.466 Thread 0x0000000018366000 Uncommon trap: reason=unstable_if action=reinterpret pc=0x000000000327570c method=java.util.jar.Attributes$Name.isDigit(C)Z @ 3
Event: 55.515 Thread 0x0000000018366000 Uncommon trap: reason=unstable_if action=reinterpret pc=0x00000000037c186c method=java.lang.ThreadLocal.get()Ljava/lang/Object; @ 11
Event: 55.568 Thread 0x0000000018366000 Uncommon trap: reason=unstable_if action=reinterpret pc=0x0000000002e949a4 method=java.util.HashMap.putVal(ILjava/lang/Object;Ljava/lang/Object;ZZ)Ljava/lang/Object; @ 236

Classes redefined (0 events):
No events

Internal exceptions (10 events):
Event: 47.182 Thread 0x0000000018366000 Exception <a 'java/lang/ClassNotFoundException': org/gradle/api/internal/ConventionTaskCustomizer> (0x00000000e252beb0) thrown at [D:\src\AOSP-openjdk-cygwin\jdk8u\hotspot\src\share\vm\classfile\systemDictionary.cpp, line 210]
Event: 47.184 Thread 0x0000000018366000 Exception <a 'java/lang/ClassNotFoundException': org/gradle/api/tasks/DeleteCustomizer> (0x00000000e25678a8) thrown at [D:\src\AOSP-openjdk-cygwin\jdk8u\hotspot\src\share\vm\classfile\systemDictionary.cpp, line 210]
Event: 47.186 Thread 0x0000000018366000 Exception <a 'java/lang/ClassNotFoundException': org/gradle/api/tasks/Delete_DecoratedCustomizer> (0x00000000e25b0358) thrown at [D:\src\AOSP-openjdk-cygwin\jdk8u\hotspot\src\share\vm\classfile\systemDictionary.cpp, line 210]
Event: 47.507 Thread 0x0000000018366000 Exception <a 'java/lang/ClassNotFoundException': build_e8hphedeo4djb2pijooadk8b3BeanInfo> (0x00000000e26a2978) thrown at [D:\src\AOSP-openjdk-cygwin\jdk8u\hotspot\src\share\vm\classfile\systemDictionary.cpp, line 210]
Event: 47.507 Thread 0x0000000018366000 Exception <a 'java/lang/ClassNotFoundException': build_e8hphedeo4djb2pijooadk8b3Customizer> (0x00000000e26ae580) thrown at [D:\src\AOSP-openjdk-cygwin\jdk8u\hotspot\src\share\vm\classfile\systemDictionary.cpp, line 210]
Event: 47.519 Thread 0x0000000018366000 Exception <a 'java/lang/ClassNotFoundException': org/gradle/api/internal/plugins/DefaultObjectConfigurationActionBeanInfo> (0x00000000e271d4a0) thrown at [D:\src\AOSP-openjdk-cygwin\jdk8u\hotspot\src\share\vm\classfile\systemDictionary.cpp, line 210]
Event: 47.520 Thread 0x0000000018366000 Exception <a 'java/lang/ClassNotFoundException': org/gradle/api/internal/plugins/DefaultObjectConfigurationActionCustomizer> (0x00000000e275a6a8) thrown at [D:\src\AOSP-openjdk-cygwin\jdk8u\hotspot\src\share\vm\classfile\systemDictionary.cpp, line 210]
Event: 50.612 Thread 0x0000000018366000 Implicit null exception at 0x000000000370b38c to 0x00000000037111c1
Event: 50.613 Thread 0x0000000018366000 Implicit null exception at 0x00000000036090d5 to 0x00000000036093bd
Event: 55.515 Thread 0x0000000018366000 Implicit null exception at 0x00000000037c1328 to 0x00000000037c1855

Events (10 events):
Event: 56.104 loading class java/security/spec/PKCS8EncodedKeySpec done
Event: 56.104 loading class sun/security/rsa/RSAPublicKeyImpl
Event: 56.111 loading class java/security/interfaces/RSAPublicKey
Event: 56.111 loading class java/security/interfaces/RSAKey
Event: 56.111 loading class java/security/interfaces/RSAKey done
Event: 56.111 loading class java/security/interfaces/RSAPublicKey done
Event: 56.111 loading class sun/security/rsa/RSAPublicKeyImpl done
Event: 56.111 loading class sun/security/x509/AuthorityInfoAccessExtension
Event: 56.142 loading class sun/security/x509/AuthorityInfoAccessExtension done
Event: 56.142 loading class sun/security/x509/AccessDescription


Dynamic libraries:
0x00007ff7e4190000 - 0x00007ff7e41c1000 	C:\Program Files\Android\Android Studio\jre\bin\java.exe
0x00007ff8e4c00000 - 0x00007ff8e4df0000 	C:\WINDOWS\SYSTEM32\ntdll.dll
0x00007ff8e41a0000 - 0x00007ff8e4252000 	C:\WINDOWS\System32\KERNEL32.DLL
0x00007ff8e1b90000 - 0x00007ff8e1e33000 	C:\WINDOWS\System32\KERNELBASE.dll
0x00007ff8e2dd0000 - 0x00007ff8e2e73000 	C:\WINDOWS\System32\ADVAPI32.dll
0x00007ff8e3180000 - 0x00007ff8e321e000 	C:\WINDOWS\System32\msvcrt.dll
0x00007ff8e3610000 - 0x00007ff8e36a7000 	C:\WINDOWS\System32\sechost.dll
0x00007ff8e2cb0000 - 0x00007ff8e2dd0000 	C:\WINDOWS\System32\RPCRT4.dll
0x00007ff8e2e80000 - 0x00007ff8e3014000 	C:\WINDOWS\System32\USER32.dll
0x00007ff8e2a10000 - 0x00007ff8e2a31000 	C:\WINDOWS\System32\win32u.dll
0x00007ff8e4170000 - 0x00007ff8e4196000 	C:\WINDOWS\System32\GDI32.dll
0x00007ff8e2640000 - 0x00007ff8e27d4000 	C:\WINDOWS\System32\gdi32full.dll
0x00007ff8e2b90000 - 0x00007ff8e2c2e000 	C:\WINDOWS\System32\msvcp_win.dll
0x00007ff8e2890000 - 0x00007ff8e298a000 	C:\WINDOWS\System32\ucrtbase.dll
0x00007ff8cbb90000 - 0x00007ff8cbe15000 	C:\WINDOWS\WinSxS\amd64_microsoft.windows.common-controls_6595b64144ccf1df_6.0.18362.476_none_e6c4b11b130f2595\COMCTL32.dll
0x00007ff8e3220000 - 0x00007ff8e3556000 	C:\WINDOWS\System32\combase.dll
0x00007ff8e2c30000 - 0x00007ff8e2cb0000 	C:\WINDOWS\System32\bcryptPrimitives.dll
0x00007ff8e4410000 - 0x00007ff8e443e000 	C:\WINDOWS\System32\IMM32.DLL
0x0000000071e30000 - 0x0000000071f02000 	C:\Program Files\Android\Android Studio\jre\jre\bin\msvcr100.dll
0x0000000072010000 - 0x0000000072856000 	C:\Program Files\Android\Android Studio\jre\jre\bin\server\jvm.dll
0x00007ff8e3bd0000 - 0x00007ff8e3bd8000 	C:\WINDOWS\System32\PSAPI.DLL
0x00007ff8df070000 - 0x00007ff8df094000 	C:\WINDOWS\SYSTEM32\WINMM.dll
0x00007ff8c66a0000 - 0x00007ff8c66a9000 	C:\WINDOWS\SYSTEM32\WSOCK32.dll
0x00007ff8e3fb0000 - 0x00007ff8e401f000 	C:\WINDOWS\System32\WS2_32.dll
0x00007ff8dba90000 - 0x00007ff8dba9a000 	C:\WINDOWS\SYSTEM32\VERSION.dll
0x00007ff8df040000 - 0x00007ff8df06d000 	C:\WINDOWS\SYSTEM32\WINMMBASE.dll
0x00007ff8e29c0000 - 0x00007ff8e2a0a000 	C:\WINDOWS\System32\cfgmgr32.dll
0x00007ff8c3130000 - 0x00007ff8c313f000 	C:\Program Files\Android\Android Studio\jre\jre\bin\verify.dll
0x00007ff8b64e0000 - 0x00007ff8b6509000 	C:\Program Files\Android\Android Studio\jre\jre\bin\java.dll
0x00007ff8b5ae0000 - 0x00007ff8b5af6000 	C:\Program Files\Android\Android Studio\jre\jre\bin\zip.dll
0x00007ff8e4440000 - 0x00007ff8e4b25000 	C:\WINDOWS\System32\SHELL32.dll
0x00007ff8e3b20000 - 0x00007ff8e3bc9000 	C:\WINDOWS\System32\shcore.dll
0x00007ff8e1ec0000 - 0x00007ff8e263e000 	C:\WINDOWS\System32\windows.storage.dll
0x00007ff8e1b00000 - 0x00007ff8e1b1f000 	C:\WINDOWS\System32\profapi.dll
0x00007ff8e1b20000 - 0x00007ff8e1b6a000 	C:\WINDOWS\System32\powrprof.dll
0x00007ff8e1ad0000 - 0x00007ff8e1ae0000 	C:\WINDOWS\System32\UMPDC.dll
0x00007ff8e3be0000 - 0x00007ff8e3c32000 	C:\WINDOWS\System32\shlwapi.dll
0x00007ff8e1b70000 - 0x00007ff8e1b81000 	C:\WINDOWS\System32\kernel.appcore.dll
0x00007ff8e1ea0000 - 0x00007ff8e1eb7000 	C:\WINDOWS\System32\cryptsp.dll
0x00007ff8b6080000 - 0x00007ff8b609a000 	C:\Program Files\Android\Android Studio\jre\jre\bin\net.dll
0x00007ff8e12e0000 - 0x00007ff8e1347000 	C:\WINDOWS\system32\mswsock.dll
0x00007ff8b6060000 - 0x00007ff8b6071000 	C:\Program Files\Android\Android Studio\jre\jre\bin\nio.dll
0x00007ff8d6980000 - 0x00007ff8d69a6000 	C:\Users\GUSTAVO\.gradle\native\29\windows-amd64\native-platform.dll
0x00007ff8df230000 - 0x00007ff8df23d000 	C:\Program Files\Android\Android Studio\jre\jre\bin\management.dll
0x00007ff8e0e50000 - 0x00007ff8e0e83000 	C:\WINDOWS\system32\rsaenh.dll
0x00007ff8e2990000 - 0x00007ff8e29b6000 	C:\WINDOWS\System32\bcrypt.dll
0x00007ff8e19f0000 - 0x00007ff8e1a15000 	C:\WINDOWS\SYSTEM32\USERENV.dll
0x00007ff8e14b0000 - 0x00007ff8e14bc000 	C:\WINDOWS\SYSTEM32\CRYPTBASE.dll
0x00007ff8e0ff0000 - 0x00007ff8e102a000 	C:\WINDOWS\SYSTEM32\IPHLPAPI.DLL
0x00007ff8e4330000 - 0x00007ff8e4338000 	C:\WINDOWS\System32\NSI.dll
0x00007ff8daa70000 - 0x00007ff8daa86000 	C:\WINDOWS\SYSTEM32\dhcpcsvc6.DLL
0x00007ff8db350000 - 0x00007ff8db36c000 	C:\WINDOWS\SYSTEM32\dhcpcsvc.DLL
0x00007ff8e1030000 - 0x00007ff8e10fa000 	C:\WINDOWS\SYSTEM32\DNSAPI.dll

VM Arguments:
jvm_args: -Xmx1536m -Dfile.encoding=windows-1252 -Duser.country=PE -Duser.language=es -Duser.variant 
java_command: org.gradle.launcher.daemon.bootstrap.GradleDaemon 5.4.1
java_class_path (initial): C:\Users\GUSTAVO\.gradle\wrapper\dists\gradle-5.4.1-all\3221gyojl5jsh0helicew7rwx\gradle-5.4.1\lib\gradle-launcher-5.4.1.jar
Launcher Type: SUN_STANDARD

Environment Variables:
PATH=C:\GTK\bin;C:\Python37\Scripts\;C:\Python37\;C:\Program Files (x86)\Common Files\Oracle\Java\javapath;C:\ProgramData\Oracle\Java\javapath;C:\WINDOWS\system32;C:\WINDOWS;C:\WINDOWS\System32\Wbem;C:\WINDOWS\System32\WindowsPowerShell\v1.0\;C:\Dwimperl\perl\bin;C:\Dwimperl\perl\site\bin;C:\Dwimperl\c\bin;C:\xampp\php;C:\composer;C:\Program Files\nodejs\;C:\Strawberry\c\bin;C:\Strawberry\perl\site\bin;C:\Strawberry\perl\bin;C:\WINDOWS\System32\OpenSSH\;C:\Program Files\Java\jdk1.8.0_162\bin;C:\Program Files\Java\jre1.8.0_191\bin;C:\Users\GUSTAVO\AppData\Local\Microsoft\WindowsApps;C:\Users\GUSTAVO\AppData\Local\Programs\MiKTeX 2.9\miktex\bin\x64\;C:\Users\GUSTAVO\AppData\Roaming\Composer\vendor\bin;C:\Users\GUSTAVO\AppData\Roaming\npm;
USERNAME=GUSTAVO
OS=Windows_NT
PROCESSOR_IDENTIFIER=Intel64 Family 6 Model 78 Stepping 3, GenuineIntel



---------------  S Y S T E M  ---------------

OS: Windows 10.0 , 64 bit Build 18362 (10.0.18362.329)

CPU:total 4 (initial active 4) (2 cores per cpu, 2 threads per core) family 6 model 78 stepping 3, cmov, cx8, fxsr, mmx, sse, sse2, sse3, ssse3, sse4.1, sse4.2, popcnt, avx, avx2, aes, clmul, erms, 3dnowpref, lzcnt, ht, tsc, tscinvbit, bmi1, bmi2, adx

Memory: 4k page, physical 3740176k(123064k free), swap 3740176k(1156k free)

vm_info: OpenJDK 64-Bit Server VM (25.202-b03) for windows-amd64 JRE (1.8.0_202-release-1483-b03), built by "builder" with MS VC++ 10.0 (VS2010)

time: Wed Dec 04 01:49:44 2019
timezone: Hora est. Pacífico, Sudamérica
elapsed time: 56 seconds (0d 0h 0m 56s)

